<?xml version="1.0" encoding="UTF-8"?>
<testsuite xmlns:xsi="http://www.w3.org/2001/XMLSchema-instance" xsi:noNamespaceSchemaLocation="https://maven.apache.org/surefire/maven-surefire-plugin/xsd/surefire-test-report.xsd" version="3.0.2" name="com.equipo.app.CludfultbolApplicationTests" time="5.931" tests="1" errors="0" skipped="0" failures="0">
  <properties>
[...]
</properties>
  <testcase name="contextLoads" classname="com.equipo.app.CludfultbolApplicationTests" time="1.248">
    <system-out><![CDATA[12:08:10.301 [main] INFO org.springframework.test.context.support.AnnotationConfigContextLoaderUtils -- Could not detect default configuration classes for test class [com.equipo.app.CludfultbolApplicationTests]: CludfultbolApplicationTests does not declare any static, non-private, non-final, nested classes annotated with @Configuration.
12:08:10.453 [main] INFO org.springframework.boot.test.context.SpringBootTestContextBootstrapper -- Found @SpringBootConfiguration com.equipo.app.CludfultbolApplication for test class com.equipo.app.CludfultbolApplicationTests
12:08:10.646 [main] INFO org.springframework.boot.devtools.restart.RestartApplicationListener -- Restart disabled due to context in which it is running

  .   ____          _            __ _ _
 /\\ / ___'_ __ _ _(_)_ __  __ _ \ \ \ \
( ( )\___ | '_ | '_| | '_ \/ _` | \ \ \ \
 \\/  ___)| |_)| | | | | || (_| |  ) ) ) )
  '  |____| .__|_| |_|_| |_\__, | / / / /
 =========|_|==============|___/=/_/_/_/

 :: Spring Boot ::                (v3.4.5)

2026-04-25T12:08:11.096-05:00  INFO 22496 --- [CLUDFULTBOL] [           main] c.e.app.CludfultbolApplicationTests      : Starting CludfultbolApplicationTests using Java 21.0.6 with PID 22496 (started by HP in C:\SpringTools\Empresariales\CLUDFULTBOL)
2026-04-25T12:08:11.098-05:00  INFO 22496 --- [CLUDFULTBOL] [           main] c.e.app.CludfultbolApplicationTests      : No active profile set, falling back to 1 default profile: "default"
2026-04-25T12:08:12.170-05:00  INFO 22496 --- [CLUDFULTBOL] [           main] .s.d.r.c.RepositoryConfigurationDelegate : Bootstrapping Spring Data MongoDB repositories in DEFAULT mode.
2026-04-25T12:08:12.246-05:00  INFO 22496 --- [CLUDFULTBOL] [           main] .s.d.r.c.RepositoryConfigurationDelegate : Finished Spring Data repository scanning in 68 ms. Found 5 MongoDB repository interfaces.
2026-04-25T12:08:12.788-05:00  INFO 22496 --- [CLUDFULTBOL] [4gk.mongodb.net] org.mongodb.driver.cluster               : Adding discovered server ac-q1tjret-shard-00-00.twea4gk.mongodb.net:27017 to client view of cluster
2026-04-25T12:08:12.824-05:00  INFO 22496 --- [CLUDFULTBOL] [           main] org.mongodb.driver.client                : MongoClient with metadata {"driver": {"name": "mongo-java-driver|sync|spring-boot", "version": "5.2.1"}, "os": {"type": "Windows", "name": "Windows 11", "architecture": "amd64", "version": "10.0"}, "platform": "Java/Eclipse Adoptium/21.0.6+7-LTS"} created with settings MongoClientSettings{readPreference=primary, writeConcern=WriteConcern{w=null, wTimeout=null ms, journal=null}, retryWrites=true, retryReads=true, readConcern=ReadConcern{level=null}, credential=MongoCredential{mechanism=null, userName='camila02perez23_db_user', source='admin', password=<hidden>, mechanismProperties=<hidden>}, transportSettings=null, commandListeners=[], codecRegistry=ProvidersCodecRegistry{codecProviders=[ValueCodecProvider{}, BsonValueCodecProvider{}, DBRefCodecProvider{}, DBObjectCodecProvider{}, DocumentCodecProvider{}, CollectionCodecProvider{}, IterableCodecProvider{}, MapCodecProvider{}, GeoJsonCodecProvider{}, GridFSFileCodecProvider{}, Jsr310CodecProvider{}, JsonObjectCodecProvider{}, BsonCodecProvider{}, EnumCodecProvider{}, com.mongodb.client.model.mql.ExpressionCodecProvider@45900b64, com.mongodb.Jep395RecordCodecProvider@f2a1813, com.mongodb.KotlinCodecProvider@79f90a3a]}, loggerSettings=LoggerSettings{maxDocumentLength=1000}, clusterSettings={hosts=[127.0.0.1:27017], srvHost=cluster0.twea4gk.mongodb.net, srvServiceName=mongodb, mode=MULTIPLE, requiredClusterType=REPLICA_SET, requiredReplicaSetName='atlas-a6kbot-shard-0', serverSelector='null', clusterListeners='[]', serverSelectionTimeout='30000 ms', localThreshold='15 ms'}, socketSettings=SocketSettings{connectTimeoutMS=10000, readTimeoutMS=0, receiveBufferSize=0, proxySettings=ProxySettings{host=null, port=null, username=null, password=null}}, heartbeatSocketSettings=SocketSettings{connectTimeoutMS=10000, readTimeoutMS=10000, receiveBufferSize=0, proxySettings=ProxySettings{host=null, port=null, username=null, password=null}}, connectionPoolSettings=ConnectionPoolSettings{maxSize=100, minSize=0, maxWaitTimeMS=120000, maxConnectionLifeTimeMS=0, maxConnectionIdleTimeMS=0, maintenanceInitialDelayMS=0, maintenanceFrequencyMS=60000, connectionPoolListeners=[], maxConnecting=2}, serverSettings=ServerSettings{heartbeatFrequencyMS=10000, minHeartbeatFrequencyMS=500, serverMonitoringMode=AUTO, serverListeners='[]', serverMonitorListeners='[]'}, sslSettings=SslSettings{enabled=true, invalidHostNameAllowed=false, context=null}, applicationName='null', compressorList=[], uuidRepresentation=JAVA_LEGACY, serverApi=null, autoEncryptionSettings=null, dnsClient=null, inetAddressResolver=null, contextProvider=null, timeoutMS=null}
2026-04-25T12:08:12.843-05:00  INFO 22496 --- [CLUDFULTBOL] [4gk.mongodb.net] org.mongodb.driver.cluster               : Adding discovered server ac-q1tjret-shard-00-01.twea4gk.mongodb.net:27017 to client view of cluster
2026-04-25T12:08:12.847-05:00  INFO 22496 --- [CLUDFULTBOL] [4gk.mongodb.net] org.mongodb.driver.cluster               : Adding discovered server ac-q1tjret-shard-00-02.twea4gk.mongodb.net:27017 to client view of cluster
2026-04-25T12:08:13.925-05:00  INFO 22496 --- [CLUDFULTBOL] [ngodb.net:27017] org.mongodb.driver.cluster               : Monitor thread successfully connected to server with description ServerDescription{address=ac-q1tjret-shard-00-02.twea4gk.mongodb.net:27017, type=REPLICA_SET_PRIMARY, cryptd=false, state=CONNECTED, ok=true, minWireVersion=0, maxWireVersion=25, maxDocumentSize=16777216, logicalSessionTimeoutMinutes=30, roundTripTimeNanos=579062000, minRoundTripTimeNanos=0, setName='atlas-a6kbot-shard-0', canonicalAddress=ac-q1tjret-shard-00-02.twea4gk.mongodb.net:27017, hosts=[ac-q1tjret-shard-00-01.twea4gk.mongodb.net:27017, ac-q1tjret-shard-00-00.twea4gk.mongodb.net:27017, ac-q1tjret-shard-00-02.twea4gk.mongodb.net:27017], passives=[], arbiters=[], primary='ac-q1tjret-shard-00-02.twea4gk.mongodb.net:27017', tagSet=TagSet{[Tag{name='cacheState', value='READY'}, Tag{name='diskState', value='READY'}, Tag{name='nodeType', value='ELECTABLE'}, Tag{name='provider', value='AZURE'}, Tag{name='region', value='US_EAST_2'}, Tag{name='workloadType', value='OPERATIONAL'}]}, electionId=7fffffff0000000000000436, setVersion=87, topologyVersion=TopologyVersion{processId=69e7caa23a3beb5d4da7244d, counter=6}, lastWriteDate=Sat Apr 25 12:08:13 COT 2026, lastUpdateTimeNanos=57299315822300}
2026-04-25T12:08:13.925-05:00  INFO 22496 --- [CLUDFULTBOL] [ngodb.net:27017] org.mongodb.driver.cluster               : Monitor thread successfully connected to server with description ServerDescription{address=ac-q1tjret-shard-00-01.twea4gk.mongodb.net:27017, type=REPLICA_SET_SECONDARY, cryptd=false, state=CONNECTED, ok=true, minWireVersion=0, maxWireVersion=25, maxDocumentSize=16777216, logicalSessionTimeoutMinutes=30, roundTripTimeNanos=568832300, minRoundTripTimeNanos=0, setName='atlas-a6kbot-shard-0', canonicalAddress=ac-q1tjret-shard-00-01.twea4gk.mongodb.net:27017, hosts=[ac-q1tjret-shard-00-01.twea4gk.mongodb.net:27017, ac-q1tjret-shard-00-00.twea4gk.mongodb.net:27017, ac-q1tjret-shard-00-02.twea4gk.mongodb.net:27017], passives=[], arbiters=[], primary='ac-q1tjret-shard-00-02.twea4gk.mongodb.net:27017', tagSet=TagSet{[Tag{name='cacheState', value='READY'}, Tag{name='diskState', value='READY'}, Tag{name='nodeType', value='ELECTABLE'}, Tag{name='provider', value='AZURE'}, Tag{name='region', value='US_EAST_2'}, Tag{name='workloadType', value='OPERATIONAL'}]}, electionId=null, setVersion=87, topologyVersion=TopologyVersion{processId=69e7cad66eae66ced8eaa1cd, counter=3}, lastWriteDate=Sat Apr 25 12:08:13 COT 2026, lastUpdateTimeNanos=57299315822300}
2026-04-25T12:08:13.927-05:00  INFO 22496 --- [CLUDFULTBOL] [ngodb.net:27017] org.mongodb.driver.cluster               : Monitor thread successfully connected to server with description ServerDescription{address=ac-q1tjret-shard-00-00.twea4gk.mongodb.net:27017, type=REPLICA_SET_SECONDARY, cryptd=false, state=CONNECTED, ok=true, minWireVersion=0, maxWireVersion=25, maxDocumentSize=16777216, logicalSessionTimeoutMinutes=30, roundTripTimeNanos=579058100, minRoundTripTimeNanos=0, setName='atlas-a6kbot-shard-0', canonicalAddress=ac-q1tjret-shard-00-00.twea4gk.mongodb.net:27017, hosts=[ac-q1tjret-shard-00-01.twea4gk.mongodb.net:27017, ac-q1tjret-shard-00-00.twea4gk.mongodb.net:27017, ac-q1tjret-shard-00-02.twea4gk.mongodb.net:27017], passives=[], arbiters=[], primary='ac-q1tjret-shard-00-02.twea4gk.mongodb.net:27017', tagSet=TagSet{[Tag{name='cacheState', value='READY'}, Tag{name='diskState', value='READY'}, Tag{name='nodeType', value='ELECTABLE'}, Tag{name='provider', value='AZURE'}, Tag{name='region', value='US_EAST_2'}, Tag{name='workloadType', value='OPERATIONAL'}]}, electionId=null, setVersion=87, topologyVersion=TopologyVersion{processId=69e7ca71d4ba7323aa5115f6, counter=4}, lastWriteDate=Sat Apr 25 12:08:13 COT 2026, lastUpdateTimeNanos=57299315821200}
2026-04-25T12:08:13.933-05:00  INFO 22496 --- [CLUDFULTBOL] [ngodb.net:27017] org.mongodb.driver.cluster               : Discovered replica set primary ac-q1tjret-shard-00-02.twea4gk.mongodb.net:27017 with max election id 7fffffff0000000000000436 and max set version 87
2026-04-25T12:08:14.774-05:00  INFO 22496 --- [CLUDFULTBOL] [           main] c.e.app.CludfultbolApplicationTests      : Started CludfultbolApplicationTests in 4.145 seconds (process running for 5.284)
]]></system-out>
    <system-err><![CDATA[Mockito is currently self-attaching to enable the inline-mock-maker. This will no longer work in future releases of the JDK. Please add Mockito as an agent to your build what is described in Mockito's documentation: https://javadoc.io/doc/org.mockito/mockito-core/latest/org/mockito/Mockito.html#0.3
WARNING: A Java agent has been loaded dynamically (C:\Users\HP\.m2\repository\net\bytebuddy\byte-buddy-agent\1.15.11\byte-buddy-agent-1.15.11.jar)
WARNING: If a serviceability tool is in use, please run with -XX:+EnableDynamicAgentLoading to hide this warning
WARNING: If a serviceability tool is not in use, please run with -Djdk.instrument.traceUsage for more information
WARNING: Dynamic loading of agents will be disallowed by default in a future release
]]></system-err>
  </testcase>
</testsuite>